<?xml version="1.0" encoding="UTF-8"?>
<!-- Generated by org.testng.reporters.JUnitXMLReporter -->
<testsuite ignored="1" hostname="VaibhavBY" failures="1" tests="1" name="Default test(failed)" time="0.06" errors="0" timestamp="2023-12-26T10:32:07 IST">
  <testcase classname="testNg.Test2" name="sample1" time="0.011">
    <failure type="java.lang.AssertionError" message="null">
      <![CDATA[java.lang.AssertionError: null
at testNg.Test2.sample1(Test2.java:20)
at java.base/java.util.ArrayList.forEach(ArrayList.java:1541)
... Removed 29 stack frames]]>
    </failure>
  </testcase> <!-- sample1 -->
  <testcase classname="testNg.Test2" name="sample" time="0.0">
    <ignored/>
  </testcase> <!-- sample -->
</testsuite> <!-- Default test(failed) -->
