<?xml version="1.0" encoding="UTF-8"?>
<!-- Generated by org.testng.reporters.JUnitXMLReporter -->
<testsuite ignored="0" hostname="VaibhavBY" failures="1" tests="2" name="Test" time="0.059" errors="0" timestamp="2023-12-26T10:36:45 IST">
  <testcase classname="testNg.TestPassFail" name="sample" time="0.012"/>
  <testcase classname="testNg.TestPassFail" name="sample1" time="0.002">
    <failure type="java.lang.AssertionError" message="null">
      <![CDATA[java.lang.AssertionError: null
at testNg.TestPassFail.sample1(TestPassFail.java:20)
at java.base/java.util.ArrayList.forEach(ArrayList.java:1541)
... Removed 29 stack frames]]>
    </failure>
  </testcase> <!-- sample1 -->
</testsuite> <!-- Test -->
