<?xml version="1.0" encoding="UTF-8"?>
<testng-results ignored="0" total="2" passed="2" failed="0" skipped="0">
  <reporter-output>
    <line>
      <![CDATA[Hello Guys-------Wakeup]]>
    </line>
  </reporter-output>
  <suite started-at="2024-01-17T17:49:44 IST" name="Default suite" finished-at="2024-01-17T17:49:44 IST" duration-ms="50">
    <groups>
    </groups>
    <test started-at="2024-01-17T17:49:44 IST" name="Default test" finished-at="2024-01-17T17:49:44 IST" duration-ms="50">
      <class name="testNg.Test1">
        <test-method signature="first1()[pri:0, instance:testNg.Test1@7c37508a]" started-at="2024-01-17T17:49:44 IST" name="first1" finished-at="2024-01-17T17:49:44 IST" duration-ms="5" status="PASS">
          <reporter-output>
          </reporter-output>
        </test-method> <!-- first1 -->
        <test-method signature="secound()[pri:0, instance:testNg.Test1@7c37508a]" started-at="2024-01-17T17:49:44 IST" name="secound" finished-at="2024-01-17T17:49:44 IST" duration-ms="2" status="PASS">
          <reporter-output>
            <line>
              <![CDATA[Hello Guys-------Wakeup]]>
            </line>
          </reporter-output>
        </test-method> <!-- secound -->
      </class> <!-- testNg.Test1 -->
    </test> <!-- Default test -->
  </suite> <!-- Default suite -->
</testng-results>
